p/mayank1337.png 1 0 0 640 480
p/mayank1336.png 1 0 0 640 480
p/mayank1335.png 1 0 0 640 480
p/mayank1334.png 1 0 0 640 480
p/mayank1333.png 1 0 0 640 480
p/mayank1332.png 1 0 0 640 480
p/mayank1331.png 1 0 0 640 480
p/mayank1330.png 1 0 0 640 480
p/mayank1329.png 1 0 0 640 480
p/mayank1328.png 1 0 0 640 480
p/mayank1327.png 1 0 0 640 480
p/mayank1326.png 1 0 0 640 480
p/mayank1325.png 1 0 0 640 480
p/mayank1324.png 1 0 0 640 480
p/mayank1323.png 1 0 0 640 480
p/mayank1322.png 1 0 0 640 480
p/mayank1321.png 1 0 0 640 480
p/mayank1320.png 1 0 0 640 480
p/mayank1319.png 1 0 0 640 480
p/mayank1318.png 1 0 0 640 480
p/mayank1317.png 1 0 0 640 480
p/mayank1316.png 1 0 0 640 480
p/mayank1315.png 1 0 0 640 480
p/mayank1314.png 1 0 0 640 480
p/mayank1313.png 1 0 0 640 480
p/mayank1312.png 1 0 0 640 480
p/mayank1311.png 1 0 0 640 480
p/mayank1310.png 1 0 0 640 480
p/mayank1309.png 1 0 0 640 480
p/mayank1308.png 1 0 0 640 480
p/mayank1307.png 1 0 0 640 480
p/mayank1306.png 1 0 0 640 480
p/mayank1305.png 1 0 0 640 480
p/mayank1304.png 1 0 0 640 480
p/mayank1303.png 1 0 0 640 480
p/mayank1302.png 1 0 0 640 480
p/mayank1301.png 1 0 0 640 480
p/mayank1300.png 1 0 0 640 480
p/mayank1299.png 1 0 0 640 480
p/mayank1298.png 1 0 0 640 480
p/mayank1297.png 1 0 0 640 480
p/mayank1296.png 1 0 0 640 480
p/mayank1295.png 1 0 0 640 480
p/mayank1294.png 1 0 0 640 480
p/mayank1293.png 1 0 0 640 480
p/mayank1292.png 1 0 0 640 480
p/mayank1291.png 1 0 0 640 480
p/mayank1290.png 1 0 0 640 480
p/mayank1289.png 1 0 0 640 480
p/mayank1288.png 1 0 0 640 480
p/mayank1287.png 1 0 0 640 480
p/mayank1286.png 1 0 0 640 480
p/mayank1285.png 1 0 0 640 480
p/mayank1284.png 1 0 0 640 480
p/mayank1283.png 1 0 0 640 480
p/mayank1282.png 1 0 0 640 480
p/mayank1281.png 1 0 0 640 480
p/mayank1280.png 1 0 0 640 480
p/mayank1279.png 1 0 0 640 480
p/mayank1278.png 1 0 0 640 480
p/mayank1277.png 1 0 0 640 480
p/mayank1276.png 1 0 0 640 480
p/mayank1275.png 1 0 0 640 480
p/mayank1274.png 1 0 0 640 480
p/mayank1273.png 1 0 0 640 480
p/mayank1272.png 1 0 0 640 480
p/mayank1271.png 1 0 0 640 480
p/mayank1270.png 1 0 0 640 480
p/mayank1269.png 1 0 0 640 480
p/mayank1268.png 1 0 0 640 480
p/mayank1267.png 1 0 0 640 480
p/mayank1266.png 1 0 0 640 480
p/mayank1265.png 1 0 0 640 480
p/mayank1264.png 1 0 0 640 480
p/mayank1263.png 1 0 0 640 480
p/mayank1262.png 1 0 0 640 480
p/mayank1261.png 1 0 0 640 480
p/mayank1260.png 1 0 0 640 480
p/mayank1259.png 1 0 0 640 480
p/mayank1258.png 1 0 0 640 480
p/mayank1257.png 1 0 0 640 480
p/mayank1256.png 1 0 0 640 480
p/mayank1255.png 1 0 0 640 480
p/mayank1254.png 1 0 0 640 480
p/mayank1253.png 1 0 0 640 480
p/mayank1252.png 1 0 0 640 480
p/mayank1251.png 1 0 0 640 480
p/mayank1250.png 1 0 0 640 480
p/mayank1249.png 1 0 0 640 480
p/mayank1248.png 1 0 0 640 480
p/mayank1247.png 1 0 0 640 480
p/mayank1246.png 1 0 0 640 480
p/mayank1245.png 1 0 0 640 480
p/mayank1244.png 1 0 0 640 480
p/mayank1243.png 1 0 0 640 480
p/mayank1242.png 1 0 0 640 480
p/mayank1241.png 1 0 0 640 480
p/mayank1240.png 1 0 0 640 480
p/mayank1239.png 1 0 0 640 480
p/mayank1238.png 1 0 0 640 480
p/mayank1237.png 1 0 0 640 480
p/mayank1236.png 1 0 0 640 480
p/mayank1235.png 1 0 0 640 480
p/mayank1234.png 1 0 0 640 480
p/mayank1233.png 1 0 0 640 480
p/mayank1232.png 1 0 0 640 480
p/mayank1231.png 1 0 0 640 480
p/mayank1230.png 1 0 0 640 480
p/mayank1229.png 1 0 0 640 480
p/mayank1228.png 1 0 0 640 480
p/mayank1227.png 1 0 0 640 480
p/mayank1226.png 1 0 0 640 480
p/mayank1225.png 1 0 0 640 480
p/mayank1224.png 1 0 0 640 480
p/mayank1223.png 1 0 0 640 480
p/mayank1222.png 1 0 0 640 480
p/mayank1221.png 1 0 0 640 480
p/mayank1220.png 1 0 0 640 480
p/mayank1219.png 1 0 0 640 480
p/mayank1218.png 1 0 0 640 480
p/mayank1217.png 1 0 0 640 480
p/mayank1216.png 1 0 0 640 480
p/mayank1215.png 1 0 0 640 480
p/mayank1214.png 1 0 0 640 480
p/mayank1213.png 1 0 0 640 480
p/mayank1212.png 1 0 0 640 480
p/mayank1211.png 1 0 0 640 480
p/mayank1210.png 1 0 0 640 480
p/mayank1209.png 1 0 0 640 480
p/mayank1208.png 1 0 0 640 480
p/mayank1207.png 1 0 0 640 480
p/mayank1206.png 1 0 0 640 480
p/mayank1205.png 1 0 0 640 480
p/mayank1204.png 1 0 0 640 480
p/mayank1203.png 1 0 0 640 480
p/mayank1202.png 1 0 0 640 480
p/mayank1201.png 1 0 0 640 480
p/mayank1200.png 1 0 0 640 480
p/mayank1199.png 1 0 0 640 480
p/mayank1198.png 1 0 0 640 480
p/mayank1197.png 1 0 0 640 480
p/mayank1196.png 1 0 0 640 480
p/mayank1195.png 1 0 0 640 480
p/mayank1194.png 1 0 0 640 480
p/mayank1193.png 1 0 0 640 480
p/mayank1192.png 1 0 0 640 480
p/mayank1191.png 1 0 0 640 480
p/mayank1190.png 1 0 0 640 480
p/mayank1189.png 1 0 0 640 480
p/mayank1188.png 1 0 0 640 480
p/mayank1187.png 1 0 0 640 480
p/mayank1186.png 1 0 0 640 480
p/mayank1185.png 1 0 0 640 480
p/mayank1184.png 1 0 0 640 480
p/mayank1183.png 1 0 0 640 480
p/mayank1182.png 1 0 0 640 480
p/mayank1181.png 1 0 0 640 480
p/mayank1180.png 1 0 0 640 480
p/mayank1179.png 1 0 0 640 480
p/mayank1178.png 1 0 0 640 480
p/mayank1177.png 1 0 0 640 480
p/mayank1176.png 1 0 0 640 480
p/mayank1175.png 1 0 0 640 480
p/mayank1174.png 1 0 0 640 480
p/mayank1173.png 1 0 0 640 480
p/mayank1172.png 1 0 0 640 480
p/mayank1171.png 1 0 0 640 480
p/mayank1170.png 1 0 0 640 480
p/mayank1169.png 1 0 0 640 480
p/mayank1168.png 1 0 0 640 480
p/mayank1167.png 1 0 0 640 480
p/mayank1166.png 1 0 0 640 480
p/mayank1165.png 1 0 0 640 480
p/mayank1164.png 1 0 0 640 480
p/mayank1163.png 1 0 0 640 480
p/mayank1162.png 1 0 0 640 480
p/mayank1161.png 1 0 0 640 480
p/mayank1160.png 1 0 0 640 480
p/mayank1159.png 1 0 0 640 480
p/mayank1158.png 1 0 0 640 480
p/mayank1157.png 1 0 0 640 480
p/mayank1156.png 1 0 0 640 480
p/mayank1155.png 1 0 0 640 480
p/mayank1154.png 1 0 0 640 480
p/mayank1153.png 1 0 0 640 480
p/mayank1152.png 1 0 0 640 480
p/mayank1151.png 1 0 0 640 480
p/mayank1150.png 1 0 0 640 480
p/mayank1149.png 1 0 0 640 480
p/mayank1148.png 1 0 0 640 480
p/mayank1147.png 1 0 0 640 480
p/mayank1146.png 1 0 0 640 480
p/mayank1145.png 1 0 0 640 480
p/mayank1144.png 1 0 0 640 480
p/mayank1143.png 1 0 0 640 480
p/mayank1142.png 1 0 0 640 480
p/mayank1141.png 1 0 0 640 480
p/mayank1140.png 1 0 0 640 480
p/mayank1139.png 1 0 0 640 480
p/mayank1138.png 1 0 0 640 480
p/mayank1137.png 1 0 0 640 480
p/mayank1136.png 1 0 0 640 480
p/mayank1135.png 1 0 0 640 480
p/mayank1134.png 1 0 0 640 480
p/mayank1133.png 1 0 0 640 480
p/mayank1132.png 1 0 0 640 480
p/mayank1131.png 1 0 0 640 480
p/mayank1130.png 1 0 0 640 480
p/mayank1129.png 1 0 0 640 480
p/mayank1128.png 1 0 0 640 480
p/mayank1127.png 1 0 0 640 480
p/mayank1126.png 1 0 0 640 480
p/mayank1125.png 1 0 0 640 480
p/mayank1124.png 1 0 0 640 480
p/mayank1123.png 1 0 0 640 480
p/mayank1122.png 1 0 0 640 480
p/mayank1121.png 1 0 0 640 480
p/mayank1120.png 1 0 0 640 480
p/mayank1119.png 1 0 0 640 480
p/mayank1118.png 1 0 0 640 480
p/mayank1117.png 1 0 0 640 480
p/mayank1116.png 1 0 0 640 480
p/mayank1115.png 1 0 0 640 480
p/mayank1114.png 1 0 0 640 480
p/mayank1113.png 1 0 0 640 480
p/mayank1112.png 1 0 0 640 480
p/mayank1111.png 1 0 0 640 480
p/mayank1110.png 1 0 0 640 480
p/mayank1109.png 1 0 0 640 480
p/mayank1108.png 1 0 0 640 480
p/mayank1107.png 1 0 0 640 480
p/mayank1106.png 1 0 0 640 480
p/mayank1105.png 1 0 0 640 480
p/mayank1104.png 1 0 0 640 480
p/mayank1103.png 1 0 0 640 480
p/mayank1102.png 1 0 0 640 480
p/mayank1101.png 1 0 0 640 480
p/mayank1100.png 1 0 0 640 480
p/mayank1099.png 1 0 0 640 480
p/mayank1098.png 1 0 0 640 480
p/mayank1097.png 1 0 0 640 480
p/mayank1096.png 1 0 0 640 480
p/mayank1095.png 1 0 0 640 480
p/mayank1094.png 1 0 0 640 480
p/mayank1093.png 1 0 0 640 480
p/mayank1092.png 1 0 0 640 480
p/mayank1091.png 1 0 0 640 480
p/mayank1090.png 1 0 0 640 480
p/mayank1089.png 1 0 0 640 480
p/mayank1088.png 1 0 0 640 480
p/mayank1087.png 1 0 0 640 480
p/mayank1086.png 1 0 0 640 480
p/mayank1085.png 1 0 0 640 480
p/mayank1084.png 1 0 0 640 480
p/mayank1083.png 1 0 0 640 480
p/mayank1082.png 1 0 0 640 480
p/mayank1081.png 1 0 0 640 480
p/mayank1080.png 1 0 0 640 480
p/mayank1079.png 1 0 0 640 480
p/mayank1078.png 1 0 0 640 480
p/mayank1077.png 1 0 0 640 480
p/mayank1076.png 1 0 0 640 480
p/mayank1075.png 1 0 0 640 480
p/mayank1074.png 1 0 0 640 480
p/mayank1073.png 1 0 0 640 480
p/mayank1072.png 1 0 0 640 480
p/mayank1071.png 1 0 0 640 480
p/mayank1070.png 1 0 0 640 480
p/mayank1069.png 1 0 0 640 480
p/mayank1068.png 1 0 0 640 480
p/mayank1067.png 1 0 0 640 480
p/mayank1066.png 1 0 0 640 480
p/mayank1065.png 1 0 0 640 480
p/mayank1064.png 1 0 0 640 480
p/mayank1063.png 1 0 0 640 480
p/mayank1062.png 1 0 0 640 480
p/mayank1061.png 1 0 0 640 480
p/mayank1060.png 1 0 0 640 480
p/mayank1059.png 1 0 0 640 480
p/mayank1058.png 1 0 0 640 480
p/mayank1057.png 1 0 0 640 480
p/mayank1056.png 1 0 0 640 480
p/mayank1055.png 1 0 0 640 480
p/mayank1054.png 1 0 0 640 480
p/mayank1053.png 1 0 0 640 480
p/mayank1052.png 1 0 0 640 480
p/mayank1051.png 1 0 0 640 480
p/mayank1050.png 1 0 0 640 480
p/mayank1049.png 1 0 0 640 480
p/mayank1048.png 1 0 0 640 480
p/mayank1047.png 1 0 0 640 480
p/mayank1046.png 1 0 0 640 480
p/mayank1045.png 1 0 0 640 480
p/mayank1044.png 1 0 0 640 480
p/mayank1043.png 1 0 0 640 480
p/mayank1042.png 1 0 0 640 480
p/mayank1041.png 1 0 0 640 480
p/mayank1040.png 1 0 0 640 480
p/mayank1039.png 1 0 0 640 480
p/mayank1038.png 1 0 0 640 480
p/mayank1037.png 1 0 0 640 480
p/mayank1036.png 1 0 0 640 480
p/mayank1035.png 1 0 0 640 480
p/mayank1034.png 1 0 0 640 480
p/mayank1033.png 1 0 0 640 480
p/mayank1032.png 1 0 0 640 480
p/mayank1031.png 1 0 0 640 480
p/mayank1030.png 1 0 0 640 480
p/mayank1029.png 1 0 0 640 480
p/mayank1028.png 1 0 0 640 480
p/mayank1027.png 1 0 0 640 480
p/mayank1026.png 1 0 0 640 480
p/mayank1025.png 1 0 0 640 480
p/mayank1024.png 1 0 0 640 480
p/mayank1023.png 1 0 0 640 480
p/mayank1022.png 1 0 0 640 480
p/mayank1021.png 1 0 0 640 480
p/mayank1020.png 1 0 0 640 480
p/mayank1019.png 1 0 0 640 480
p/mayank1018.png 1 0 0 640 480
p/mayank1017.png 1 0 0 640 480
p/mayank1016.png 1 0 0 640 480
p/mayank1015.png 1 0 0 640 480
p/mayank1014.png 1 0 0 640 480
p/mayank1013.png 1 0 0 640 480
p/mayank1012.png 1 0 0 640 480
p/mayank1011.png 1 0 0 640 480
p/mayank1010.png 1 0 0 640 480
p/mayank1009.png 1 0 0 640 480
p/mayank1008.png 1 0 0 640 480
p/mayank1007.png 1 0 0 640 480
p/mayank1006.png 1 0 0 640 480
p/mayank1005.png 1 0 0 640 480
p/mayank1004.png 1 0 0 640 480
p/mayank1003.png 1 0 0 640 480
p/mayank1002.png 1 0 0 640 480
p/mayank1001.png 1 0 0 640 480
p/mayank1000.png 1 0 0 640 480
p/mayank999.png 1 0 0 640 480
p/mayank998.png 1 0 0 640 480
p/mayank997.png 1 0 0 640 480
p/mayank996.png 1 0 0 640 480
p/mayank995.png 1 0 0 640 480
p/mayank994.png 1 0 0 640 480
p/mayank993.png 1 0 0 640 480
p/mayank992.png 1 0 0 640 480
p/mayank991.png 1 0 0 640 480
p/mayank990.png 1 0 0 640 480
p/mayank989.png 1 0 0 640 480
p/mayank988.png 1 0 0 640 480
p/mayank987.png 1 0 0 640 480
p/mayank986.png 1 0 0 640 480
p/mayank985.png 1 0 0 640 480
p/mayank984.png 1 0 0 640 480
p/mayank983.png 1 0 0 640 480
p/mayank982.png 1 0 0 640 480
p/mayank981.png 1 0 0 640 480
p/mayank980.png 1 0 0 640 480
p/mayank979.png 1 0 0 640 480
p/mayank978.png 1 0 0 640 480
p/mayank977.png 1 0 0 640 480
p/mayank976.png 1 0 0 640 480
p/mayank975.png 1 0 0 640 480
p/mayank974.png 1 0 0 640 480
p/mayank973.png 1 0 0 640 480
p/mayank972.png 1 0 0 640 480
p/mayank971.png 1 0 0 640 480
p/mayank970.png 1 0 0 640 480
p/mayank969.png 1 0 0 640 480
p/mayank968.png 1 0 0 640 480
p/mayank967.png 1 0 0 640 480
p/mayank966.png 1 0 0 640 480
p/mayank965.png 1 0 0 640 480
p/mayank964.png 1 0 0 640 480
p/mayank963.png 1 0 0 640 480
p/mayank962.png 1 0 0 640 480
p/mayank961.png 1 0 0 640 480
p/mayank960.png 1 0 0 640 480
p/mayank959.png 1 0 0 640 480
p/mayank958.png 1 0 0 640 480
p/mayank957.png 1 0 0 640 480
p/mayank956.png 1 0 0 640 480
p/mayank955.png 1 0 0 640 480
p/mayank954.png 1 0 0 640 480
p/mayank953.png 1 0 0 640 480
p/mayank952.png 1 0 0 640 480
p/mayank951.png 1 0 0 640 480
p/mayank950.png 1 0 0 640 480
p/mayank949.png 1 0 0 640 480
p/mayank948.png 1 0 0 640 480
p/mayank947.png 1 0 0 640 480
p/mayank946.png 1 0 0 640 480
p/mayank945.png 1 0 0 640 480
p/mayank944.png 1 0 0 640 480
p/mayank943.png 1 0 0 640 480
p/mayank942.png 1 0 0 640 480
p/mayank941.png 1 0 0 640 480
p/mayank940.png 1 0 0 640 480
p/mayank939.png 1 0 0 640 480
p/mayank938.png 1 0 0 640 480
p/mayank937.png 1 0 0 640 480
p/mayank936.png 1 0 0 640 480
p/mayank935.png 1 0 0 640 480
p/mayank934.png 1 0 0 640 480
p/mayank933.png 1 0 0 640 480
p/mayank932.png 1 0 0 640 480
p/mayank931.png 1 0 0 640 480
p/mayank930.png 1 0 0 640 480
p/mayank929.png 1 0 0 640 480
p/mayank928.png 1 0 0 640 480
p/mayank927.png 1 0 0 640 480
p/mayank926.png 1 0 0 640 480
p/mayank925.png 1 0 0 640 480
p/mayank924.png 1 0 0 640 480
p/mayank923.png 1 0 0 640 480
p/mayank922.png 1 0 0 640 480
p/mayank921.png 1 0 0 640 480
p/mayank920.png 1 0 0 640 480
p/mayank919.png 1 0 0 640 480
p/mayank918.png 1 0 0 640 480
p/mayank917.png 1 0 0 640 480
p/mayank916.png 1 0 0 640 480
p/mayank915.png 1 0 0 640 480
p/mayank914.png 1 0 0 640 480
p/mayank913.png 1 0 0 640 480
p/mayank912.png 1 0 0 640 480
p/mayank911.png 1 0 0 640 480
p/mayank910.png 1 0 0 640 480
p/mayank909.png 1 0 0 640 480
p/mayank908.png 1 0 0 640 480
p/mayank907.png 1 0 0 640 480
p/mayank906.png 1 0 0 640 480
p/mayank905.png 1 0 0 640 480
p/mayank904.png 1 0 0 640 480
p/mayank903.png 1 0 0 640 480
p/mayank902.png 1 0 0 640 480
p/mayank901.png 1 0 0 640 480
p/mayank900.png 1 0 0 640 480
p/mayank899.png 1 0 0 640 480
p/mayank898.png 1 0 0 640 480
p/mayank897.png 1 0 0 640 480
p/mayank896.png 1 0 0 640 480
p/mayank895.png 1 0 0 640 480
p/mayank894.png 1 0 0 640 480
p/mayank893.png 1 0 0 640 480
p/mayank892.png 1 0 0 640 480
p/mayank891.png 1 0 0 640 480
p/mayank890.png 1 0 0 640 480
p/mayank889.png 1 0 0 640 480
p/mayank888.png 1 0 0 640 480
p/mayank887.png 1 0 0 640 480
p/mayank886.png 1 0 0 640 480
p/mayank885.png 1 0 0 640 480
p/mayank884.png 1 0 0 640 480
p/mayank883.png 1 0 0 640 480
p/mayank882.png 1 0 0 640 480
p/mayank881.png 1 0 0 640 480
p/mayank880.png 1 0 0 640 480
p/mayank879.png 1 0 0 640 480
p/mayank878.png 1 0 0 640 480
p/mayank877.png 1 0 0 640 480
p/mayank876.png 1 0 0 640 480
p/mayank875.png 1 0 0 640 480
p/mayank874.png 1 0 0 640 480
p/mayank873.png 1 0 0 640 480
p/mayank872.png 1 0 0 640 480
p/mayank871.png 1 0 0 640 480
p/mayank870.png 1 0 0 640 480
p/mayank869.png 1 0 0 640 480
p/mayank868.png 1 0 0 640 480
p/mayank867.png 1 0 0 640 480
p/mayank866.png 1 0 0 640 480
p/mayank865.png 1 0 0 640 480
p/mayank864.png 1 0 0 640 480
p/mayank863.png 1 0 0 640 480
p/mayank862.png 1 0 0 640 480
p/mayank861.png 1 0 0 640 480
p/mayank860.png 1 0 0 640 480
p/mayank859.png 1 0 0 640 480
p/mayank858.png 1 0 0 640 480
p/mayank857.png 1 0 0 640 480
p/mayank856.png 1 0 0 640 480
p/mayank855.png 1 0 0 640 480
p/mayank854.png 1 0 0 640 480
p/mayank853.png 1 0 0 640 480
p/mayank852.png 1 0 0 640 480
p/mayank851.png 1 0 0 640 480
p/mayank850.png 1 0 0 640 480
p/mayank849.png 1 0 0 640 480
p/mayank848.png 1 0 0 640 480
p/mayank847.png 1 0 0 640 480
p/mayank846.png 1 0 0 640 480
p/mayank845.png 1 0 0 640 480
p/mayank844.png 1 0 0 640 480
p/mayank843.png 1 0 0 640 480
p/mayank842.png 1 0 0 640 480
p/mayank841.png 1 0 0 640 480
p/mayank840.png 1 0 0 640 480
p/mayank839.png 1 0 0 640 480
p/mayank838.png 1 0 0 640 480
p/mayank837.png 1 0 0 640 480
p/mayank836.png 1 0 0 640 480
p/mayank835.png 1 0 0 640 480
p/mayank834.png 1 0 0 640 480
p/mayank833.png 1 0 0 640 480
p/mayank832.png 1 0 0 640 480
p/mayank831.png 1 0 0 640 480
p/mayank830.png 1 0 0 640 480
p/mayank829.png 1 0 0 640 480
p/mayank828.png 1 0 0 640 480
p/mayank827.png 1 0 0 640 480
p/mayank826.png 1 0 0 640 480
p/mayank825.png 1 0 0 640 480
p/mayank824.png 1 0 0 640 480
p/mayank823.png 1 0 0 640 480
p/mayank822.png 1 0 0 640 480
p/mayank821.png 1 0 0 640 480
p/mayank820.png 1 0 0 640 480
p/mayank819.png 1 0 0 640 480
p/mayank818.png 1 0 0 640 480
p/mayank817.png 1 0 0 640 480
p/mayank816.png 1 0 0 640 480
p/mayank815.png 1 0 0 640 480
p/mayank814.png 1 0 0 640 480
p/mayank813.png 1 0 0 640 480
p/mayank812.png 1 0 0 640 480
p/mayank811.png 1 0 0 640 480
p/mayank810.png 1 0 0 640 480
p/mayank809.png 1 0 0 640 480
p/mayank808.png 1 0 0 640 480
p/mayank807.png 1 0 0 640 480
p/mayank806.png 1 0 0 640 480
p/mayank805.png 1 0 0 640 480
p/mayank804.png 1 0 0 640 480
p/mayank803.png 1 0 0 640 480
p/mayank802.png 1 0 0 640 480
p/mayank801.png 1 0 0 640 480
p/mayank800.png 1 0 0 640 480
p/mayank799.png 1 0 0 640 480
p/mayank798.png 1 0 0 640 480
p/mayank797.png 1 0 0 640 480
p/mayank796.png 1 0 0 640 480
p/mayank795.png 1 0 0 640 480
p/mayank794.png 1 0 0 640 480
p/mayank793.png 1 0 0 640 480
p/mayank792.png 1 0 0 640 480
p/mayank791.png 1 0 0 640 480
p/mayank790.png 1 0 0 640 480
p/mayank789.png 1 0 0 640 480
p/mayank788.png 1 0 0 640 480
p/mayank787.png 1 0 0 640 480
p/mayank786.png 1 0 0 640 480
p/mayank785.png 1 0 0 640 480
p/mayank784.png 1 0 0 640 480
p/mayank783.png 1 0 0 640 480
p/mayank782.png 1 0 0 640 480
p/mayank781.png 1 0 0 640 480
p/mayank780.png 1 0 0 640 480
p/mayank779.png 1 0 0 640 480
p/mayank778.png 1 0 0 640 480
p/mayank777.png 1 0 0 640 480
p/mayank776.png 1 0 0 640 480
p/mayank775.png 1 0 0 640 480
p/mayank774.png 1 0 0 640 480
p/mayank773.png 1 0 0 640 480
p/mayank772.png 1 0 0 640 480
p/mayank771.png 1 0 0 640 480
p/mayank770.png 1 0 0 640 480
p/mayank769.png 1 0 0 640 480
p/mayank768.png 1 0 0 640 480
p/mayank767.png 1 0 0 640 480
p/mayank766.png 1 0 0 640 480
p/mayank765.png 1 0 0 640 480
p/mayank764.png 1 0 0 640 480
p/mayank763.png 1 0 0 640 480
p/mayank762.png 1 0 0 640 480
p/mayank761.png 1 0 0 640 480
p/mayank760.png 1 0 0 640 480
p/mayank759.png 1 0 0 640 480
p/mayank758.png 1 0 0 640 480
p/mayank757.png 1 0 0 640 480
p/mayank756.png 1 0 0 640 480
p/mayank755.png 1 0 0 640 480
p/mayank754.png 1 0 0 640 480
p/mayank753.png 1 0 0 640 480
p/mayank752.png 1 0 0 640 480
p/mayank751.png 1 0 0 640 480
p/mayank750.png 1 0 0 640 480
p/mayank749.png 1 0 0 640 480
p/mayank748.png 1 0 0 640 480
p/mayank747.png 1 0 0 640 480
p/mayank746.png 1 0 0 640 480
p/mayank745.png 1 0 0 640 480
p/mayank744.png 1 0 0 640 480
p/mayank743.png 1 0 0 640 480
p/mayank742.png 1 0 0 640 480
p/mayank741.png 1 0 0 640 480
p/mayank740.png 1 0 0 640 480
p/mayank739.png 1 0 0 640 480
p/mayank738.png 1 0 0 640 480
p/mayank737.png 1 0 0 640 480
p/mayank736.png 1 0 0 640 480
p/mayank735.png 1 0 0 640 480
p/mayank734.png 1 0 0 640 480
p/mayank733.png 1 0 0 640 480
p/mayank732.png 1 0 0 640 480
p/mayank731.png 1 0 0 640 480
p/mayank730.png 1 0 0 640 480
p/mayank729.png 1 0 0 640 480
p/mayank728.png 1 0 0 640 480
p/mayank727.png 1 0 0 640 480
p/mayank726.png 1 0 0 640 480
p/mayank725.png 1 0 0 640 480
p/mayank724.png 1 0 0 640 480
p/mayank723.png 1 0 0 640 480
p/mayank722.png 1 0 0 640 480
p/mayank721.png 1 0 0 640 480
p/mayank720.png 1 0 0 640 480
p/mayank719.png 1 0 0 640 480
p/mayank718.png 1 0 0 640 480
p/mayank717.png 1 0 0 640 480
p/mayank716.png 1 0 0 640 480
p/mayank715.png 1 0 0 640 480
p/mayank714.png 1 0 0 640 480
p/mayank713.png 1 0 0 640 480
p/mayank712.png 1 0 0 640 480
p/mayank711.png 1 0 0 640 480
p/mayank710.png 1 0 0 640 480
p/mayank709.png 1 0 0 640 480
p/mayank708.png 1 0 0 640 480
p/mayank707.png 1 0 0 640 480
p/mayank706.png 1 0 0 640 480
p/mayank705.png 1 0 0 640 480
p/mayank704.png 1 0 0 640 480
p/mayank703.png 1 0 0 640 480
p/mayank702.png 1 0 0 640 480
p/mayank701.png 1 0 0 640 480
p/mayank700.png 1 0 0 640 480
p/mayank699.png 1 0 0 640 480
p/mayank698.png 1 0 0 640 480
p/mayank697.png 1 0 0 640 480
p/mayank696.png 1 0 0 640 480
p/mayank695.png 1 0 0 640 480
p/mayank694.png 1 0 0 640 480
p/mayank693.png 1 0 0 640 480
p/mayank692.png 1 0 0 640 480
p/mayank691.png 1 0 0 640 480
p/mayank690.png 1 0 0 640 480
p/mayank689.png 1 0 0 640 480
p/mayank688.png 1 0 0 640 480
p/mayank687.png 1 0 0 640 480
p/mayank686.png 1 0 0 640 480
p/mayank685.png 1 0 0 640 480
p/mayank684.png 1 0 0 640 480
p/mayank683.png 1 0 0 640 480
p/mayank682.png 1 0 0 640 480
p/mayank681.png 1 0 0 640 480
p/mayank680.png 1 0 0 640 480
p/mayank679.png 1 0 0 640 480
p/mayank678.png 1 0 0 640 480
p/mayank677.png 1 0 0 640 480
p/mayank676.png 1 0 0 640 480
p/mayank675.png 1 0 0 640 480
p/mayank674.png 1 0 0 640 480
p/mayank673.png 1 0 0 640 480
p/mayank672.png 1 0 0 640 480
p/mayank671.png 1 0 0 640 480
p/mayank670.png 1 0 0 640 480
p/mayank669.png 1 0 0 640 480
p/mayank668.png 1 0 0 640 480
p/mayank667.png 1 0 0 640 480
p/mayank666.png 1 0 0 640 480
p/mayank665.png 1 0 0 640 480
p/mayank664.png 1 0 0 640 480
p/mayank663.png 1 0 0 640 480
p/mayank662.png 1 0 0 640 480
p/mayank661.png 1 0 0 640 480
p/mayank660.png 1 0 0 640 480
p/mayank659.png 1 0 0 640 480
p/mayank658.png 1 0 0 640 480
p/mayank657.png 1 0 0 640 480
p/mayank656.png 1 0 0 640 480
p/mayank655.png 1 0 0 640 480
p/mayank654.png 1 0 0 640 480
p/mayank653.png 1 0 0 640 480
p/mayank652.png 1 0 0 640 480
p/mayank651.png 1 0 0 640 480
p/mayank650.png 1 0 0 640 480
p/mayank649.png 1 0 0 640 480
p/mayank648.png 1 0 0 640 480
p/mayank647.png 1 0 0 640 480
p/mayank646.png 1 0 0 640 480
p/mayank645.png 1 0 0 640 480
p/mayank644.png 1 0 0 640 480
p/mayank643.png 1 0 0 640 480
p/mayank642.png 1 0 0 640 480
p/mayank641.png 1 0 0 640 480
p/mayank640.png 1 0 0 640 480
p/mayank639.png 1 0 0 640 480
p/mayank638.png 1 0 0 640 480
p/mayank637.png 1 0 0 640 480
p/mayank636.png 1 0 0 640 480
p/mayank635.png 1 0 0 640 480
p/mayank634.png 1 0 0 640 480
p/mayank633.png 1 0 0 640 480
p/mayank632.png 1 0 0 640 480
p/mayank631.png 1 0 0 640 480
p/mayank630.png 1 0 0 640 480
p/mayank629.png 1 0 0 640 480
p/mayank628.png 1 0 0 640 480
p/mayank627.png 1 0 0 640 480
p/mayank626.png 1 0 0 640 480
p/mayank625.png 1 0 0 640 480
p/mayank624.png 1 0 0 640 480
p/mayank623.png 1 0 0 640 480
p/mayank622.png 1 0 0 640 480
p/mayank621.png 1 0 0 640 480
p/mayank620.png 1 0 0 640 480
p/mayank619.png 1 0 0 640 480
p/mayank618.png 1 0 0 640 480
p/mayank617.png 1 0 0 640 480
p/mayank616.png 1 0 0 640 480
p/mayank615.png 1 0 0 640 480
p/mayank614.png 1 0 0 640 480
p/mayank613.png 1 0 0 640 480
p/mayank612.png 1 0 0 640 480
p/mayank611.png 1 0 0 640 480
p/mayank610.png 1 0 0 640 480
p/mayank609.png 1 0 0 640 480
p/mayank608.png 1 0 0 640 480
p/mayank607.png 1 0 0 640 480
p/mayank606.png 1 0 0 640 480
p/mayank605.png 1 0 0 640 480
p/mayank604.png 1 0 0 640 480
p/mayank603.png 1 0 0 640 480
p/mayank602.png 1 0 0 640 480
p/mayank601.png 1 0 0 640 480
p/mayank600.png 1 0 0 640 480
p/mayank599.png 1 0 0 640 480
p/mayank598.png 1 0 0 640 480
p/mayank597.png 1 0 0 640 480
p/mayank596.png 1 0 0 640 480
p/mayank595.png 1 0 0 640 480
p/mayank594.png 1 0 0 640 480
p/mayank593.png 1 0 0 640 480
p/mayank592.png 1 0 0 640 480
p/mayank591.png 1 0 0 640 480
p/mayank590.png 1 0 0 640 480
p/mayank589.png 1 0 0 640 480
p/mayank588.png 1 0 0 640 480
p/mayank587.png 1 0 0 640 480
p/mayank586.png 1 0 0 640 480
p/mayank585.png 1 0 0 640 480
p/mayank584.png 1 0 0 640 480
p/mayank583.png 1 0 0 640 480
p/mayank582.png 1 0 0 640 480
p/mayank581.png 1 0 0 640 480
p/mayank580.png 1 0 0 640 480
p/mayank579.png 1 0 0 640 480
p/mayank578.png 1 0 0 640 480
p/mayank577.png 1 0 0 640 480
p/mayank576.png 1 0 0 640 480
p/mayank575.png 1 0 0 640 480
p/mayank574.png 1 0 0 640 480
p/mayank573.png 1 0 0 640 480
p/mayank572.png 1 0 0 640 480
p/mayank571.png 1 0 0 640 480
p/mayank570.png 1 0 0 640 480
p/mayank569.png 1 0 0 640 480
p/mayank568.png 1 0 0 640 480
p/mayank567.png 1 0 0 640 480
p/mayank566.png 1 0 0 640 480
p/mayank565.png 1 0 0 640 480
p/mayank564.png 1 0 0 640 480
p/mayank563.png 1 0 0 640 480
p/mayank562.png 1 0 0 640 480
p/mayank561.png 1 0 0 640 480
p/mayank560.png 1 0 0 640 480
p/mayank559.png 1 0 0 640 480
p/mayank558.png 1 0 0 640 480
p/mayank557.png 1 0 0 640 480
p/mayank556.png 1 0 0 640 480
p/mayank555.png 1 0 0 640 480
p/mayank554.png 1 0 0 640 480
p/mayank553.png 1 0 0 640 480
p/mayank552.png 1 0 0 640 480
p/mayank551.png 1 0 0 640 480
p/mayank550.png 1 0 0 640 480
p/mayank549.png 1 0 0 640 480
p/mayank548.png 1 0 0 640 480
p/mayank547.png 1 0 0 640 480
p/mayank546.png 1 0 0 640 480
p/mayank545.png 1 0 0 640 480
p/mayank544.png 1 0 0 640 480
p/mayank543.png 1 0 0 640 480
p/mayank542.png 1 0 0 640 480
p/mayank541.png 1 0 0 640 480
p/mayank540.png 1 0 0 640 480
p/mayank539.png 1 0 0 640 480
p/mayank538.png 1 0 0 640 480
p/mayank537.png 1 0 0 640 480
p/mayank536.png 1 0 0 640 480
p/mayank535.png 1 0 0 640 480
p/mayank534.png 1 0 0 640 480
p/mayank533.png 1 0 0 640 480
p/mayank532.png 1 0 0 640 480
p/mayank531.png 1 0 0 640 480
p/mayank530.png 1 0 0 640 480
p/mayank529.png 1 0 0 640 480
p/mayank528.png 1 0 0 640 480
p/mayank527.png 1 0 0 640 480
p/mayank526.png 1 0 0 640 480
p/mayank525.png 1 0 0 640 480
p/mayank524.png 1 0 0 640 480
p/mayank523.png 1 0 0 640 480
p/mayank522.png 1 0 0 640 480
p/mayank521.png 1 0 0 640 480
p/mayank520.png 1 0 0 640 480
p/mayank519.png 1 0 0 640 480
p/mayank518.png 1 0 0 640 480
p/mayank517.png 1 0 0 640 480
p/mayank516.png 1 0 0 640 480
p/mayank515.png 1 0 0 640 480
p/mayank514.png 1 0 0 640 480
p/mayank513.png 1 0 0 640 480
p/mayank512.png 1 0 0 640 480
p/mayank511.png 1 0 0 640 480
p/mayank510.png 1 0 0 640 480
p/mayank509.png 1 0 0 640 480
p/mayank508.png 1 0 0 640 480
p/mayank507.png 1 0 0 640 480
p/mayank506.png 1 0 0 640 480
p/mayank505.png 1 0 0 640 480
p/mayank504.png 1 0 0 640 480
p/mayank503.png 1 0 0 640 480
p/mayank502.png 1 0 0 640 480
p/mayank501.png 1 0 0 640 480
p/mayank500.png 1 0 0 640 480
p/mayank499.png 1 0 0 640 480
p/mayank498.png 1 0 0 640 480
p/mayank497.png 1 0 0 640 480
p/mayank496.png 1 0 0 640 480
p/mayank495.png 1 0 0 640 480
p/mayank494.png 1 0 0 640 480
p/mayank493.png 1 0 0 640 480
p/mayank492.png 1 0 0 640 480
p/mayank491.png 1 0 0 640 480
p/mayank490.png 1 0 0 640 480
p/mayank489.png 1 0 0 640 480
p/mayank488.png 1 0 0 640 480
p/mayank487.png 1 0 0 640 480
p/mayank486.png 1 0 0 640 480
p/mayank485.png 1 0 0 640 480
p/mayank484.png 1 0 0 640 480
p/mayank483.png 1 0 0 640 480
p/mayank482.png 1 0 0 640 480
p/mayank481.png 1 0 0 640 480
p/mayank480.png 1 0 0 640 480
p/mayank479.png 1 0 0 640 480
p/mayank478.png 1 0 0 640 480
p/mayank477.png 1 0 0 640 480
p/mayank476.png 1 0 0 640 480
p/mayank475.png 1 0 0 640 480
p/mayank474.png 1 0 0 640 480
p/mayank473.png 1 0 0 640 480
p/mayank472.png 1 0 0 640 480
p/mayank471.png 1 0 0 640 480
p/mayank470.png 1 0 0 640 480
p/mayank469.png 1 0 0 640 480
p/mayank468.png 1 0 0 640 480
p/mayank467.png 1 0 0 640 480
p/mayank466.png 1 0 0 640 480
p/mayank465.png 1 0 0 640 480
p/mayank464.png 1 0 0 640 480
p/mayank463.png 1 0 0 640 480
p/mayank462.png 1 0 0 640 480
p/mayank461.png 1 0 0 640 480
p/mayank460.png 1 0 0 640 480
p/mayank459.png 1 0 0 640 480
p/mayank458.png 1 0 0 640 480
p/mayank457.png 1 0 0 640 480
p/mayank456.png 1 0 0 640 480
p/mayank455.png 1 0 0 640 480
p/mayank454.png 1 0 0 640 480
p/mayank453.png 1 0 0 640 480
p/mayank452.png 1 0 0 640 480
p/mayank451.png 1 0 0 640 480
p/mayank450.png 1 0 0 640 480
p/mayank449.png 1 0 0 640 480
p/mayank448.png 1 0 0 640 480
p/mayank447.png 1 0 0 640 480
p/mayank446.png 1 0 0 640 480
p/mayank445.png 1 0 0 640 480
p/mayank444.png 1 0 0 640 480
p/mayank443.png 1 0 0 640 480
p/mayank442.png 1 0 0 640 480
p/mayank441.png 1 0 0 640 480
p/mayank440.png 1 0 0 640 480
p/mayank439.png 1 0 0 640 480
p/mayank438.png 1 0 0 640 480
p/mayank437.png 1 0 0 640 480
p/mayank436.png 1 0 0 640 480
p/mayank435.png 1 0 0 640 480
p/mayank434.png 1 0 0 640 480
p/mayank433.png 1 0 0 640 480
p/mayank432.png 1 0 0 640 480
p/mayank431.png 1 0 0 640 480
p/mayank430.png 1 0 0 640 480
p/mayank429.png 1 0 0 640 480
p/mayank428.png 1 0 0 640 480
p/mayank427.png 1 0 0 640 480
p/mayank426.png 1 0 0 640 480
p/mayank425.png 1 0 0 640 480
p/mayank424.png 1 0 0 640 480
p/mayank423.png 1 0 0 640 480
p/mayank422.png 1 0 0 640 480
p/mayank421.png 1 0 0 640 480
p/mayank420.png 1 0 0 640 480
p/mayank419.png 1 0 0 640 480
p/mayank418.png 1 0 0 640 480
p/mayank417.png 1 0 0 640 480
p/mayank416.png 1 0 0 640 480
p/mayank415.png 1 0 0 640 480
p/mayank414.png 1 0 0 640 480
p/mayank413.png 1 0 0 640 480
p/mayank412.png 1 0 0 640 480
p/mayank411.png 1 0 0 640 480
p/mayank410.png 1 0 0 640 480
p/mayank409.png 1 0 0 640 480
p/mayank408.png 1 0 0 640 480
p/mayank407.png 1 0 0 640 480
p/mayank406.png 1 0 0 640 480
p/mayank405.png 1 0 0 640 480
p/mayank404.png 1 0 0 640 480
p/mayank403.png 1 0 0 640 480
p/mayank402.png 1 0 0 640 480
p/mayank401.png 1 0 0 640 480
p/mayank400.png 1 0 0 640 480
p/mayank399.png 1 0 0 640 480
p/mayank398.png 1 0 0 640 480
p/mayank397.png 1 0 0 640 480
p/mayank396.png 1 0 0 640 480
p/mayank395.png 1 0 0 640 480
p/mayank394.png 1 0 0 640 480
p/mayank393.png 1 0 0 640 480
p/mayank392.png 1 0 0 640 480
p/mayank391.png 1 0 0 640 480
p/mayank390.png 1 0 0 640 480
p/mayank389.png 1 0 0 640 480
p/mayank388.png 1 0 0 640 480
p/mayank387.png 1 0 0 640 480
p/mayank386.png 1 0 0 640 480
p/mayank385.png 1 0 0 640 480
p/mayank384.png 1 0 0 640 480
p/mayank383.png 1 0 0 640 480
p/mayank382.png 1 0 0 640 480
p/mayank381.png 1 0 0 640 480
p/mayank380.png 1 0 0 640 480
p/mayank379.png 1 0 0 640 480
p/mayank378.png 1 0 0 640 480
p/mayank377.png 1 0 0 640 480
p/mayank376.png 1 0 0 640 480
p/mayank375.png 1 0 0 640 480
p/mayank374.png 1 0 0 640 480
p/mayank373.png 1 0 0 640 480
p/mayank372.png 1 0 0 640 480
p/mayank371.png 1 0 0 640 480
p/mayank370.png 1 0 0 640 480
p/mayank369.png 1 0 0 640 480
p/mayank368.png 1 0 0 640 480
p/mayank367.png 1 0 0 640 480
p/mayank366.png 1 0 0 640 480
p/mayank365.png 1 0 0 640 480
p/mayank364.png 1 0 0 640 480
p/mayank363.png 1 0 0 640 480
p/mayank362.png 1 0 0 640 480
p/mayank361.png 1 0 0 640 480
p/mayank360.png 1 0 0 640 480
p/mayank359.png 1 0 0 640 480
p/mayank358.png 1 0 0 640 480
p/mayank357.png 1 0 0 640 480
p/mayank356.png 1 0 0 640 480
p/mayank355.png 1 0 0 640 480
p/mayank354.png 1 0 0 640 480
p/mayank353.png 1 0 0 640 480
p/mayank352.png 1 0 0 640 480
p/mayank351.png 1 0 0 640 480
p/mayank350.png 1 0 0 640 480
p/mayank349.png 1 0 0 640 480
p/mayank348.png 1 0 0 640 480
p/mayank347.png 1 0 0 640 480
p/mayank346.png 1 0 0 640 480
p/mayank345.png 1 0 0 640 480
p/mayank344.png 1 0 0 640 480
p/mayank343.png 1 0 0 640 480
p/mayank342.png 1 0 0 640 480
p/mayank341.png 1 0 0 640 480
p/mayank340.png 1 0 0 640 480
p/mayank339.png 1 0 0 640 480
p/mayank338.png 1 0 0 640 480
p/mayank337.png 1 0 0 640 480
p/mayank336.png 1 0 0 640 480
p/mayank335.png 1 0 0 640 480
p/mayank334.png 1 0 0 640 480
p/mayank333.png 1 0 0 640 480
p/mayank332.png 1 0 0 640 480
p/mayank331.png 1 0 0 640 480
p/mayank330.png 1 0 0 640 480
p/mayank329.png 1 0 0 640 480
p/mayank328.png 1 0 0 640 480
p/mayank327.png 1 0 0 640 480
p/mayank326.png 1 0 0 640 480
p/mayank325.png 1 0 0 640 480
p/mayank324.png 1 0 0 640 480
p/mayank323.png 1 0 0 640 480
p/mayank322.png 1 0 0 640 480
p/mayank321.png 1 0 0 640 480
p/mayank320.png 1 0 0 640 480
p/mayank319.png 1 0 0 640 480
p/mayank318.png 1 0 0 640 480
p/mayank317.png 1 0 0 640 480
p/mayank316.png 1 0 0 640 480
p/mayank315.png 1 0 0 640 480
p/mayank314.png 1 0 0 640 480
p/mayank313.png 1 0 0 640 480
p/mayank312.png 1 0 0 640 480
p/mayank311.png 1 0 0 640 480
p/mayank310.png 1 0 0 640 480
p/mayank309.png 1 0 0 640 480
p/mayank308.png 1 0 0 640 480
p/mayank307.png 1 0 0 640 480
p/mayank306.png 1 0 0 640 480
p/mayank305.png 1 0 0 640 480
p/mayank304.png 1 0 0 640 480
p/mayank303.png 1 0 0 640 480
p/mayank302.png 1 0 0 640 480
p/mayank301.png 1 0 0 640 480
p/mayank300.png 1 0 0 640 480
p/mayank299.png 1 0 0 640 480
p/mayank298.png 1 0 0 640 480
p/mayank297.png 1 0 0 640 480
p/mayank296.png 1 0 0 640 480
p/mayank295.png 1 0 0 640 480
p/mayank294.png 1 0 0 640 480
p/mayank293.png 1 0 0 640 480
p/mayank292.png 1 0 0 640 480
p/mayank291.png 1 0 0 640 480
p/mayank290.png 1 0 0 640 480
p/mayank289.png 1 0 0 640 480
p/mayank288.png 1 0 0 640 480
p/mayank287.png 1 0 0 640 480
p/mayank286.png 1 0 0 640 480
p/mayank285.png 1 0 0 640 480
p/mayank284.png 1 0 0 640 480
p/mayank283.png 1 0 0 640 480
p/mayank282.png 1 0 0 640 480
p/mayank281.png 1 0 0 640 480
p/mayank280.png 1 0 0 640 480
p/mayank279.png 1 0 0 640 480
p/mayank278.png 1 0 0 640 480
p/mayank277.png 1 0 0 640 480
p/mayank276.png 1 0 0 640 480
p/mayank275.png 1 0 0 640 480
p/mayank274.png 1 0 0 640 480
p/mayank273.png 1 0 0 640 480
p/mayank272.png 1 0 0 640 480
p/mayank271.png 1 0 0 640 480
p/mayank270.png 1 0 0 640 480
p/mayank269.png 1 0 0 640 480
p/mayank268.png 1 0 0 640 480
p/mayank267.png 1 0 0 640 480
p/mayank266.png 1 0 0 640 480
p/mayank265.png 1 0 0 640 480
p/mayank264.png 1 0 0 640 480
p/mayank263.png 1 0 0 640 480
p/mayank262.png 1 0 0 640 480
p/mayank261.png 1 0 0 640 480
p/mayank260.png 1 0 0 640 480
p/mayank259.png 1 0 0 640 480
p/mayank258.png 1 0 0 640 480
p/mayank257.png 1 0 0 640 480
p/mayank256.png 1 0 0 640 480
p/mayank255.png 1 0 0 640 480
p/mayank254.png 1 0 0 640 480
p/mayank253.png 1 0 0 640 480
p/mayank252.png 1 0 0 640 480
p/mayank251.png 1 0 0 640 480
p/mayank250.png 1 0 0 640 480
p/mayank249.png 1 0 0 640 480
p/mayank248.png 1 0 0 640 480
p/mayank247.png 1 0 0 640 480
p/mayank246.png 1 0 0 640 480
p/mayank245.png 1 0 0 640 480
p/mayank244.png 1 0 0 640 480
p/mayank243.png 1 0 0 640 480
p/mayank242.png 1 0 0 640 480
p/mayank241.png 1 0 0 640 480
p/mayank240.png 1 0 0 640 480
p/mayank239.png 1 0 0 640 480
p/mayank238.png 1 0 0 640 480
p/mayank237.png 1 0 0 640 480
p/mayank236.png 1 0 0 640 480
p/mayank235.png 1 0 0 640 480
p/mayank234.png 1 0 0 640 480
p/mayank233.png 1 0 0 640 480
p/mayank232.png 1 0 0 640 480
p/mayank231.png 1 0 0 640 480
p/mayank230.png 1 0 0 640 480
p/mayank229.png 1 0 0 640 480
p/mayank228.png 1 0 0 640 480
p/mayank227.png 1 0 0 640 480
p/mayank226.png 1 0 0 640 480
p/mayank225.png 1 0 0 640 480
p/mayank224.png 1 0 0 640 480
p/mayank223.png 1 0 0 640 480
p/mayank222.png 1 0 0 640 480
p/mayank221.png 1 0 0 640 480
p/mayank220.png 1 0 0 640 480
p/mayank219.png 1 0 0 640 480
p/mayank218.png 1 0 0 640 480
p/mayank217.png 1 0 0 640 480
p/mayank216.png 1 0 0 640 480
p/mayank215.png 1 0 0 640 480
p/mayank214.png 1 0 0 640 480
p/mayank213.png 1 0 0 640 480
p/mayank212.png 1 0 0 640 480
p/mayank211.png 1 0 0 640 480
p/mayank210.png 1 0 0 640 480
p/mayank209.png 1 0 0 640 480
p/mayank208.png 1 0 0 640 480
p/mayank207.png 1 0 0 640 480
p/mayank206.png 1 0 0 640 480
p/mayank205.png 1 0 0 640 480
p/mayank204.png 1 0 0 640 480
p/mayank203.png 1 0 0 640 480
p/mayank202.png 1 0 0 640 480
p/mayank201.png 1 0 0 640 480
p/mayank200.png 1 0 0 640 480
p/mayank199.png 1 0 0 640 480
p/mayank198.png 1 0 0 640 480
p/mayank197.png 1 0 0 640 480
p/mayank196.png 1 0 0 640 480
p/mayank195.png 1 0 0 640 480
p/mayank194.png 1 0 0 640 480
p/mayank193.png 1 0 0 640 480
p/mayank192.png 1 0 0 640 480
p/mayank191.png 1 0 0 640 480
p/mayank190.png 1 0 0 640 480
p/mayank189.png 1 0 0 640 480
p/mayank188.png 1 0 0 640 480
p/mayank187.png 1 0 0 640 480
p/mayank186.png 1 0 0 640 480
p/mayank185.png 1 0 0 640 480
p/mayank184.png 1 0 0 640 480
p/mayank183.png 1 0 0 640 480
p/mayank182.png 1 0 0 640 480
p/mayank181.png 1 0 0 640 480
p/mayank180.png 1 0 0 640 480
p/mayank179.png 1 0 0 640 480
p/mayank178.png 1 0 0 640 480
p/mayank177.png 1 0 0 640 480
p/mayank176.png 1 0 0 640 480
p/mayank175.png 1 0 0 640 480
p/mayank174.png 1 0 0 640 480
p/mayank173.png 1 0 0 640 480
p/mayank172.png 1 0 0 640 480
p/mayank171.png 1 0 0 640 480
p/mayank170.png 1 0 0 640 480
p/mayank169.png 1 0 0 640 480
p/mayank168.png 1 0 0 640 480
p/mayank167.png 1 0 0 640 480
p/mayank166.png 1 0 0 640 480
p/mayank165.png 1 0 0 640 480
p/mayank164.png 1 0 0 640 480
p/mayank163.png 1 0 0 640 480
p/mayank162.png 1 0 0 640 480
p/mayank161.png 1 0 0 640 480
p/mayank160.png 1 0 0 640 480
p/mayank159.png 1 0 0 640 480
p/mayank158.png 1 0 0 640 480
p/mayank157.png 1 0 0 640 480
p/mayank156.png 1 0 0 640 480
p/mayank155.png 1 0 0 640 480
p/mayank154.png 1 0 0 640 480
p/mayank153.png 1 0 0 640 480
p/mayank152.png 1 0 0 640 480
p/mayank151.png 1 0 0 640 480
p/mayank150.png 1 0 0 640 480
p/mayank149.png 1 0 0 640 480
p/mayank148.png 1 0 0 640 480
p/mayank147.png 1 0 0 640 480
p/mayank146.png 1 0 0 640 480
p/mayank145.png 1 0 0 640 480
p/mayank144.png 1 0 0 640 480
p/mayank143.png 1 0 0 640 480
p/mayank142.png 1 0 0 640 480
p/mayank141.png 1 0 0 640 480
p/mayank140.png 1 0 0 640 480
p/mayank139.png 1 0 0 640 480
p/mayank138.png 1 0 0 640 480
p/mayank137.png 1 0 0 640 480
p/mayank136.png 1 0 0 640 480
p/mayank135.png 1 0 0 640 480
p/mayank134.png 1 0 0 640 480
p/mayank133.png 1 0 0 640 480
p/mayank132.png 1 0 0 640 480
p/mayank131.png 1 0 0 640 480
p/mayank130.png 1 0 0 640 480
p/mayank129.png 1 0 0 640 480
p/mayank128.png 1 0 0 640 480
p/mayank127.png 1 0 0 640 480
p/mayank126.png 1 0 0 640 480
p/mayank125.png 1 0 0 640 480
p/mayank124.png 1 0 0 640 480
p/mayank123.png 1 0 0 640 480
p/mayank122.png 1 0 0 640 480
p/mayank121.png 1 0 0 640 480
p/mayank120.png 1 0 0 640 480
p/mayank119.png 1 0 0 640 480
p/mayank118.png 1 0 0 640 480
p/mayank117.png 1 0 0 640 480
p/mayank116.png 1 0 0 640 480
p/mayank115.png 1 0 0 640 480
p/mayank114.png 1 0 0 640 480
p/mayank113.png 1 0 0 640 480
p/mayank112.png 1 0 0 640 480
p/mayank111.png 1 0 0 640 480
p/mayank110.png 1 0 0 640 480
p/mayank109.png 1 0 0 640 480
p/mayank108.png 1 0 0 640 480
p/mayank107.png 1 0 0 640 480
p/mayank106.png 1 0 0 640 480
p/mayank105.png 1 0 0 640 480
p/mayank104.png 1 0 0 640 480
p/mayank103.png 1 0 0 640 480
p/mayank102.png 1 0 0 640 480
p/mayank101.png 1 0 0 640 480
p/mayank100.png 1 0 0 640 480
p/mayank99.png 1 0 0 640 480
p/mayank98.png 1 0 0 640 480
p/mayank97.png 1 0 0 640 480
p/mayank96.png 1 0 0 640 480
p/mayank95.png 1 0 0 640 480
p/mayank94.png 1 0 0 640 480
p/mayank93.png 1 0 0 640 480
p/mayank92.png 1 0 0 640 480
p/mayank91.png 1 0 0 640 480
p/mayank90.png 1 0 0 640 480
p/mayank89.png 1 0 0 640 480
p/mayank88.png 1 0 0 640 480
p/mayank87.png 1 0 0 640 480
p/mayank86.png 1 0 0 640 480
p/mayank85.png 1 0 0 640 480
p/mayank84.png 1 0 0 640 480
p/mayank83.png 1 0 0 640 480
p/mayank82.png 1 0 0 640 480
p/mayank81.png 1 0 0 640 480
p/mayank80.png 1 0 0 640 480
p/mayank79.png 1 0 0 640 480
p/mayank78.png 1 0 0 640 480
p/mayank77.png 1 0 0 640 480
p/mayank76.png 1 0 0 640 480
p/mayank75.png 1 0 0 640 480
p/mayank74.png 1 0 0 640 480
p/mayank73.png 1 0 0 640 480
p/mayank72.png 1 0 0 640 480
p/mayank71.png 1 0 0 640 480
p/mayank70.png 1 0 0 640 480
p/mayank69.png 1 0 0 640 480
p/mayank68.png 1 0 0 640 480
p/mayank67.png 1 0 0 640 480
p/mayank66.png 1 0 0 640 480
p/mayank65.png 1 0 0 640 480
p/mayank64.png 1 0 0 640 480
p/mayank63.png 1 0 0 640 480
p/mayank62.png 1 0 0 640 480
p/mayank61.png 1 0 0 640 480
p/mayank60.png 1 0 0 640 480
p/mayank59.png 1 0 0 640 480
p/mayank58.png 1 0 0 640 480
p/mayank57.png 1 0 0 640 480
p/mayank56.png 1 0 0 640 480
p/mayank55.png 1 0 0 640 480
p/mayank54.png 1 0 0 640 480
p/mayank53.png 1 0 0 640 480
p/mayank52.png 1 0 0 640 480
p/mayank51.png 1 0 0 640 480
p/mayank50.png 1 0 0 640 480
p/mayank49.png 1 0 0 640 480
p/mayank48.png 1 0 0 640 480
p/mayank47.png 1 0 0 640 480
p/mayank46.png 1 0 0 640 480
p/mayank45.png 1 0 0 640 480
p/mayank44.png 1 0 0 640 480
p/mayank43.png 1 0 0 640 480
p/mayank42.png 1 0 0 640 480
p/mayank41.png 1 0 0 640 480
p/mayank40.png 1 0 0 640 480
p/mayank39.png 1 0 0 640 480
p/mayank38.png 1 0 0 640 480
p/mayank37.png 1 0 0 640 480
p/mayank36.png 1 0 0 640 480
p/mayank35.png 1 0 0 640 480
p/mayank34.png 1 0 0 640 480
p/mayank33.png 1 0 0 640 480
p/mayank32.png 1 0 0 640 480
p/mayank31.png 1 0 0 640 480
p/mayank30.png 1 0 0 640 480
p/mayank29.png 1 0 0 640 480
p/mayank28.png 1 0 0 640 480
p/mayank27.png 1 0 0 640 480
p/mayank26.png 1 0 0 640 480
p/mayank25.png 1 0 0 640 480
p/mayank24.png 1 0 0 640 480
p/mayank23.png 1 0 0 640 480
p/mayank22.png 1 0 0 640 480
p/mayank21.png 1 0 0 640 480
p/mayank20.png 1 0 0 640 480
p/mayank19.png 1 0 0 640 480
p/mayank18.png 1 0 0 640 480
p/mayank17.png 1 0 0 640 480
p/mayank16.png 1 0 0 640 480
p/mayank15.png 1 0 0 640 480
p/mayank14.png 1 0 0 640 480
p/mayank13.png 1 0 0 640 480
p/mayank12.png 1 0 0 640 480
p/mayank11.png 1 0 0 640 480
p/mayank10.png 1 0 0 640 480
p/mayank9.png 1 0 0 640 480
p/mayank8.png 1 0 0 640 480
p/mayank7.png 1 0 0 640 480
p/mayank6.png 1 0 0 640 480
p/mayank5.png 1 0 0 640 480
p/mayank4.png 1 0 0 640 480
p/mayank3.png 1 0 0 640 480
p/mayank2.png 1 0 0 640 480
p/mayank1.png 1 0 0 640 480
p/mayank0.png 1 0 0 640 480